<?xml version="1.0" encoding="UTF-8"?>
<!-- Generated by org.testng.reporters.JUnitReportReporter -->
<testsuite hostname="SHYAM_SUNDAR" failures="0" tests="1" name="com.PortTest.test.socialConnections" time="9.155" errors="0" timestamp="2025-01-18T06:00:50 IST" skipped="0">
  <testcase classname="com.PortTest.test.socialConnections" name="socialConnections" time="9.155"/>
</testsuite> <!-- com.PortTest.test.socialConnections -->
