<?xml version="1.0" encoding="UTF-8"?>
<!-- Generated by org.testng.reporters.JUnitReportReporter -->
<testsuite hostname="SHYAM_SUNDAR" failures="0" tests="1" name="com.PortTest.test.ContactTest" time="9.728" errors="0" timestamp="2025-01-14T00:58:13 IST" skipped="0">
  <testcase classname="com.PortTest.test.ContactTest" name="contactTest" time="9.728"/>
</testsuite> <!-- com.PortTest.test.ContactTest -->
