<?xml version="1.0" encoding="UTF-8"?>
<!-- Generated by org.testng.reporters.JUnitReportReporter -->
<testsuite hostname="SHYAM_SUNDAR" failures="0" tests="1" name="com.PortTest.test.PortFunctions" time="10.410" errors="0" timestamp="2025-01-18T06:05:48 IST" skipped="0">
  <testcase classname="com.PortTest.test.PortFunctions" name="PortFunctions" time="10.410"/>
</testsuite> <!-- com.PortTest.test.PortFunctions -->
