<?xml version="1.0" encoding="UTF-8"?>
<!-- Generated by org.testng.reporters.JUnitReportReporter -->
<testsuite hostname="SHYAM_SUNDAR" failures="0" tests="1" name="com.PortTest.test.PortFunctions" time="9.448" errors="0" timestamp="2025-01-14T01:10:40 IST" skipped="0">
  <testcase classname="com.PortTest.test.PortFunctions" name="PortFunctions" time="9.448"/>
</testsuite> <!-- com.PortTest.test.PortFunctions -->
