<?xml version="1.0" encoding="UTF-8"?>
<!-- Generated by org.testng.reporters.JUnitReportReporter -->
<testsuite hostname="SHYAM_SUNDAR" failures="0" tests="1" name="com.PortTest.test.DresumeDownload" time="6.924" errors="0" timestamp="2025-01-18T06:40:22 IST" skipped="0">
  <testcase classname="com.PortTest.test.DresumeDownload" name="resumeDownload" time="6.924"/>
</testsuite> <!-- com.PortTest.test.DresumeDownload -->
