<?xml version="1.0" encoding="UTF-8"?>
<!-- Generated by org.testng.reporters.JUnitReportReporter -->
<testsuite hostname="SHYAM_SUNDAR" failures="0" tests="1" name="com.PortTest.test.socialConnections" time="3.457" errors="0" timestamp="2025-01-14T01:10:40 IST" skipped="0">
  <testcase classname="com.PortTest.test.socialConnections" name="socialConnections" time="3.457"/>
</testsuite> <!-- com.PortTest.test.socialConnections -->
