<?xml version="1.0" encoding="UTF-8"?>
<!-- Generated by org.testng.reporters.JUnitReportReporter -->
<testsuite hostname="SHYAM_SUNDAR" failures="0" tests="1" name="com.PortTest.test.LInkedIn" time="3.338" errors="0" timestamp="2025-01-14T00:46:10 IST" skipped="0">
  <testcase classname="com.PortTest.test.LInkedIn" name="linkedIn" time="3.338"/>
</testsuite> <!-- com.PortTest.test.LInkedIn -->
